This file contains any messages produced by compilers while
running configure, to aid debugging if configure makes a mistake.

It was created by configure, which was
generated by GNU Autoconf 2.69.  Invocation command line was

  $ ./configure --host aarch64-unknown-linux-gnu host_alias=aarch64-unknown-linux-gnu --no-create --no-recursion

## --------- ##
## Platform. ##
## --------- ##

hostname = RECOLICPC
uname -m = x86_64
uname -r = 5.9.8-arch1-1
uname -s = Linux
uname -v = #1 SMP PREEMPT Tue, 10 Nov 2020 22:44:11 +0000

/usr/bin/uname -p = unknown
/bin/uname -X     = unknown

/bin/arch              = unknown
/usr/bin/arch -k       = unknown
/usr/convex/getsysinfo = unknown
/usr/bin/hostinfo      = unknown
/bin/machine           = unknown
/usr/bin/oslevel       = unknown
/bin/universe          = unknown

PATH: /opt/intel/compilers_and_libraries_2020.1.217/linux/bin/intel64
PATH: /opt/intel/compilers_and_libraries_2020.1.217/linux/bin
PATH: /opt/intel/compilers_and_libraries_2020.1.217/linux/mpi/intel64/libfabric/bin
PATH: /opt/intel/compilers_and_libraries_2020.1.217/linux/mpi/intel64/bin
PATH: /opt/google-cloud-sdk/bin
PATH: /usr/local/sbin
PATH: /usr/local/bin
PATH: /usr/bin
PATH: /usr/user-bin
PATH: /opt/cuda/bin
PATH: /opt/cuda/integration/nsight-compute
PATH: /opt/cuda/integration/nsight-systems
PATH: /opt/intel/advisor_2020.1.0.605410/bin64
PATH: /opt/intel/bin
PATH: /opt/intel/inspector_2020.1.0.604266/bin64
PATH: /opt/intel/vtune_profiler_2020.1.0.607630/bin64
PATH: /usr/lib/jvm/default/bin
PATH: /usr/user-bin
PATH: /opt/cuda/bin
PATH: /home/recolic/go/bin
PATH: /opt/intel/compilers_and_libraries_2020.0.166/linux/bin/intel64/
PATH: /opt/intel/compilers_and_libraries_2020.0.166/linux/mpi/intel64/bin
PATH: /opt/intel/vtune_profiler_2020.0.0.605129/bin64
PATH: /usr/user-bin
PATH: /opt/cuda/bin
PATH: /home/recolic/go/bin
PATH: /opt/intel/compilers_and_libraries_2020.0.166/linux/bin/intel64/
PATH: /opt/intel/compilers_and_libraries_2020.0.166/linux/mpi/intel64/bin
PATH: /opt/intel/vtune_profiler_2020.0.0.605129/bin64


## ----------- ##
## Core tests. ##
## ----------- ##

configure:2215: checking for a BSD-compatible install
configure:2283: result: /usr/bin/install -c
configure:2294: checking whether build environment is sane
configure:2344: result: yes
configure:2393: checking for aarch64-unknown-linux-gnu-strip
configure:2423: result: no
configure:2433: checking for strip
configure:2449: found /usr/bin/strip
configure:2460: result: strip
configure:2485: checking for a thread-safe mkdir -p
configure:2524: result: /usr/bin/mkdir -p
configure:2537: checking for gawk
configure:2553: found /usr/bin/gawk
configure:2564: result: gawk
configure:2575: checking whether make sets $(MAKE)
configure:2597: result: yes
configure:2679: checking whether NLS is requested
configure:2688: result: yes
configure:2726: checking for msgfmt
configure: trying /usr/bin/msgfmt...
0 translated messages.
configure:2758: result: /usr/bin/msgfmt
configure:2767: checking for gmsgfmt
configure:2798: result: /usr/bin/msgfmt
configure:2849: checking for xgettext
configure: trying /usr/bin/xgettext...
/usr/bin/xgettext: warning: file '/dev/null' extension '' is unknown; will try C
configure:2881: result: /usr/bin/xgettext
configure:2927: checking for msgmerge
configure: trying /usr/bin/msgmerge...
configure:2958: result: /usr/bin/msgmerge
configure:3000: checking for style of include used by make
configure:3028: result: GNU
configure:3058: checking for aarch64-unknown-linux-gnu-gcc
configure:3088: result: no
configure:3098: checking for gcc
configure:3114: found /usr/bin/gcc
configure:3125: result: gcc
configure:3354: checking for C compiler version
configure:3363: gcc --version >&5
gcc (GCC) 10.2.0
Copyright (C) 2020 Free Software Foundation, Inc.
This is free software; see the source for copying conditions.  There is NO
warranty; not even for MERCHANTABILITY or FITNESS FOR A PARTICULAR PURPOSE.

configure:3374: $? = 0
configure:3363: gcc -v >&5
Using built-in specs.
COLLECT_GCC=gcc
COLLECT_LTO_WRAPPER=/usr/lib/gcc/x86_64-pc-linux-gnu/10.2.0/lto-wrapper
Target: x86_64-pc-linux-gnu
Configured with: /build/gcc/src/gcc/configure --prefix=/usr --libdir=/usr/lib --libexecdir=/usr/lib --mandir=/usr/share/man --infodir=/usr/share/info --with-bugurl=https://bugs.archlinux.org/ --enable-languages=c,c++,ada,fortran,go,lto,objc,obj-c++,d --with-isl --with-linker-hash-style=gnu --with-system-zlib --enable-__cxa_atexit --enable-cet=auto --enable-checking=release --enable-clocale=gnu --enable-default-pie --enable-default-ssp --enable-gnu-indirect-function --enable-gnu-unique-object --enable-install-libiberty --enable-linker-build-id --enable-lto --enable-multilib --enable-plugin --enable-shared --enable-threads=posix --disable-libssp --disable-libstdcxx-pch --disable-libunwind-exceptions --disable-werror gdc_include_dir=/usr/include/dlang/gdc
Thread model: posix
Supported LTO compression algorithms: zlib zstd
gcc version 10.2.0 (GCC) 
configure:3374: $? = 0
configure:3363: gcc -V >&5
gcc: error: unrecognized command-line option '-V'
gcc: fatal error: no input files
compilation terminated.
configure:3374: $? = 1
configure:3363: gcc -qversion >&5
gcc: error: unrecognized command-line option '-qversion'; did you mean '--version'?
gcc: fatal error: no input files
compilation terminated.
configure:3374: $? = 1
configure:3394: checking whether the C compiler works
configure:3416: gcc    conftest.c  >&5
configure:3420: $? = 0
configure:3468: result: yes
configure:3471: checking for C compiler default output file name
configure:3473: result: a.out
configure:3479: checking for suffix of executables
configure:3486: gcc -o conftest    conftest.c  >&5
configure:3490: $? = 0
configure:3512: result: 
configure:3534: checking whether we are cross compiling
configure:3542: gcc -o conftest    conftest.c  >&5
configure:3546: $? = 0
configure:3553: ./conftest
configure:3557: $? = 0
configure:3545: result: no
configure:3550: checking for suffix of object files
configure:3572: gcc -c   conftest.c >&5
configure:3576: $? = 0
configure:3597: result: o
configure:3601: checking whether we are using the GNU C compiler
configure:3620: gcc -c   conftest.c >&5
configure:3620: $? = 0
configure:3629: result: yes
configure:3638: checking whether gcc accepts -g
configure:3658: gcc -c -g  conftest.c >&5
configure:3658: $? = 0
configure:3699: result: yes
configure:3716: checking for gcc option to accept ISO C89
configure:3779: gcc  -c -g -O2  conftest.c >&5
configure:3779: $? = 0
configure:3792: result: none needed
configure:3814: checking dependency style of gcc
configure:3924: result: gcc3
configure:3943: checking build system type
configure:3957: result: x86_64-pc-linux-gnu
configure:3977: checking host system type
configure:3990: result: aarch64-unknown-linux-gnu
configure:4034: checking for ld used by GCC
configure:4098: result: /usr/bin/ld
configure:4105: checking if the linker (/usr/bin/ld) is GNU ld
configure:4118: result: yes
configure:4125: checking for shared library run path origin
configure:4138: result: done
configure:4575: checking for CFPreferencesCopyAppValue
configure:4593: gcc -o conftest -g -O2   conftest.c  -Wl,-framework -Wl,CoreFoundation >&5
conftest.c:11:10: fatal error: CoreFoundation/CFPreferences.h: No such file or directory
   11 | #include <CoreFoundation/CFPreferences.h>
      |          ^~~~~~~~~~~~~~~~~~~~~~~~~~~~~~~~
compilation terminated.
configure:4593: $? = 1
configure: failed program was:
| /* confdefs.h */
| #define PACKAGE_NAME ""
| #define PACKAGE_TARNAME ""
| #define PACKAGE_VERSION ""
| #define PACKAGE_STRING ""
| #define PACKAGE_BUGREPORT ""
| #define PACKAGE_URL ""
| #define PACKAGE "alsa-utils"
| #define VERSION "1.0.24.2"
| /* end confdefs.h.  */
| #include <CoreFoundation/CFPreferences.h>
| int
| main ()
| {
| CFPreferencesCopyAppValue(NULL, NULL)
|   ;
|   return 0;
| }
configure:4602: result: no
configure:4609: checking for CFLocaleCopyCurrent
configure:4627: gcc -o conftest -g -O2   conftest.c  -Wl,-framework -Wl,CoreFoundation >&5
conftest.c:11:10: fatal error: CoreFoundation/CFLocale.h: No such file or directory
   11 | #include <CoreFoundation/CFLocale.h>
      |          ^~~~~~~~~~~~~~~~~~~~~~~~~~~
compilation terminated.
configure:4627: $? = 1
configure: failed program was:
| /* confdefs.h */
| #define PACKAGE_NAME ""
| #define PACKAGE_TARNAME ""
| #define PACKAGE_VERSION ""
| #define PACKAGE_STRING ""
| #define PACKAGE_BUGREPORT ""
| #define PACKAGE_URL ""
| #define PACKAGE "alsa-utils"
| #define VERSION "1.0.24.2"
| /* end confdefs.h.  */
| #include <CoreFoundation/CFLocale.h>
| int
| main ()
| {
| CFLocaleCopyCurrent();
|   ;
|   return 0;
| }
configure:4636: result: no
configure:4665: checking for GNU gettext in libc
configure:4684: gcc -o conftest -g -O2   conftest.c  >&5
configure:4684: $? = 0
configure:4692: result: yes
configure:5281: checking whether to use NLS
configure:5283: result: yes
configure:5286: checking where the gettext function comes from
configure:5297: result: libc
configure:5359: checking for cross-compiler
configure:5368: result: gcc
configure:5380: checking for aarch64-unknown-linux-gnu-gcc
configure:5407: result: gcc
configure:5676: checking for C compiler version
configure:5685: gcc --version >&5
gcc (GCC) 10.2.0
Copyright (C) 2020 Free Software Foundation, Inc.
This is free software; see the source for copying conditions.  There is NO
warranty; not even for MERCHANTABILITY or FITNESS FOR A PARTICULAR PURPOSE.

configure:5696: $? = 0
configure:5685: gcc -v >&5
Using built-in specs.
COLLECT_GCC=gcc
COLLECT_LTO_WRAPPER=/usr/lib/gcc/x86_64-pc-linux-gnu/10.2.0/lto-wrapper
Target: x86_64-pc-linux-gnu
Configured with: /build/gcc/src/gcc/configure --prefix=/usr --libdir=/usr/lib --libexecdir=/usr/lib --mandir=/usr/share/man --infodir=/usr/share/info --with-bugurl=https://bugs.archlinux.org/ --enable-languages=c,c++,ada,fortran,go,lto,objc,obj-c++,d --with-isl --with-linker-hash-style=gnu --with-system-zlib --enable-__cxa_atexit --enable-cet=auto --enable-checking=release --enable-clocale=gnu --enable-default-pie --enable-default-ssp --enable-gnu-indirect-function --enable-gnu-unique-object --enable-install-libiberty --enable-linker-build-id --enable-lto --enable-multilib --enable-plugin --enable-shared --enable-threads=posix --disable-libssp --disable-libstdcxx-pch --disable-libunwind-exceptions --disable-werror gdc_include_dir=/usr/include/dlang/gdc
Thread model: posix
Supported LTO compression algorithms: zlib zstd
gcc version 10.2.0 (GCC) 
configure:5696: $? = 0
configure:5685: gcc -V >&5
gcc: error: unrecognized command-line option '-V'
gcc: fatal error: no input files
compilation terminated.
configure:5696: $? = 1
configure:5685: gcc -qversion >&5
gcc: error: unrecognized command-line option '-qversion'; did you mean '--version'?
gcc: fatal error: no input files
compilation terminated.
configure:5696: $? = 1
configure:5700: checking whether we are using the GNU C compiler
configure:5728: result: yes
configure:5737: checking whether gcc accepts -g
configure:5798: result: yes
configure:5815: checking for gcc option to accept ISO C89
configure:5891: result: none needed
configure:5913: checking dependency style of gcc
configure:6023: result: gcc3
configure:6040: checking whether ln -s works
configure:6044: result: yes
configure:6082: checking for ALSA CFLAGS
configure:6088: result: 
configure:6091: checking for ALSA LDFLAGS
configure:6100: result:  -lasound -lm -ldl -lpthread
configure:6104: checking for libasound headers version >= 1.0.16
configure:6166: gcc -c -g -O2  conftest.c >&5
configure:6166: $? = 0
configure:6167: result: found.
configure:6185: checking for snd_ctl_open in -lasound
configure:6210: gcc -o conftest -g -O2   conftest.c -lasound   -lasound -lm -ldl -lpthread  >&5
configure:6210: $? = 0
configure:6219: result: yes
configure:6257: checking for alsa/pcm.h
configure:6257: gcc -c -g -O2  conftest.c >&5
configure:6257: $? = 0
configure:6257: result: yes
configure:6272: checking for alsa/mixer.h
configure:6272: gcc -c -g -O2  conftest.c >&5
configure:6272: $? = 0
configure:6272: result: yes
configure:6287: checking for alsa/rawmidi.h
configure:6287: gcc -c -g -O2  conftest.c >&5
configure:6287: $? = 0
configure:6287: result: yes
configure:6302: checking for alsa/seq.h
configure:6302: gcc -c -g -O2  conftest.c >&5
configure:6302: $? = 0
configure:6302: result: yes
configure:6317: checking for samplerate.h
configure:6317: gcc -c -g -O2  conftest.c >&5
configure:6317: $? = 0
configure:6317: result: yes
configure:6373: checking for librt
configure:6384: checking for clock_gettime in -lrt
configure:6409: gcc -o conftest -g -O2   conftest.c -lrt  -lasound -lm -ldl -lpthread >&5
configure:6409: $? = 0
configure:6418: result: yes
configure:6515: checking for xmlto
configure:6542: result: yes
configure:6575: checking how to run the C preprocessor
configure:6606: gcc -E  conftest.c
configure:6606: $? = 0
configure:6620: gcc -E  conftest.c
conftest.c:22:10: fatal error: ac_nonexistent.h: No such file or directory
   22 | #include <ac_nonexistent.h>
      |          ^~~~~~~~~~~~~~~~~~
compilation terminated.
configure:6620: $? = 1
configure: failed program was:
| /* confdefs.h */
| #define PACKAGE_NAME ""
| #define PACKAGE_TARNAME ""
| #define PACKAGE_VERSION ""
| #define PACKAGE_STRING ""
| #define PACKAGE_BUGREPORT ""
| #define PACKAGE_URL ""
| #define PACKAGE "alsa-utils"
| #define VERSION "1.0.24.2"
| #define ENABLE_NLS 1
| #define HAVE_GETTEXT 1
| #define HAVE_DCGETTEXT 1
| #define HAVE_LIBASOUND 1
| #define HAVE_ALSA_PCM_H 1
| #define HAVE_ALSA_MIXER_H 1
| #define HAVE_ALSA_RAWMIDI_H 1
| #define HAVE_ALSA_SEQ_H 1
| #define HAVE_SAMPLERATE_H 1
| #define HAVE_LIBRT 1
| #define HAVE_CLOCK_GETTIME 1
| /* end confdefs.h.  */
| #include <ac_nonexistent.h>
configure:6645: result: gcc -E
configure:6665: gcc -E  conftest.c
configure:6665: $? = 0
configure:6679: gcc -E  conftest.c
conftest.c:22:10: fatal error: ac_nonexistent.h: No such file or directory
   22 | #include <ac_nonexistent.h>
      |          ^~~~~~~~~~~~~~~~~~
compilation terminated.
configure:6679: $? = 1
configure: failed program was:
| /* confdefs.h */
| #define PACKAGE_NAME ""
| #define PACKAGE_TARNAME ""
| #define PACKAGE_VERSION ""
| #define PACKAGE_STRING ""
| #define PACKAGE_BUGREPORT ""
| #define PACKAGE_URL ""
| #define PACKAGE "alsa-utils"
| #define VERSION "1.0.24.2"
| #define ENABLE_NLS 1
| #define HAVE_GETTEXT 1
| #define HAVE_DCGETTEXT 1
| #define HAVE_LIBASOUND 1
| #define HAVE_ALSA_PCM_H 1
| #define HAVE_ALSA_MIXER_H 1
| #define HAVE_ALSA_RAWMIDI_H 1
| #define HAVE_ALSA_SEQ_H 1
| #define HAVE_SAMPLERATE_H 1
| #define HAVE_LIBRT 1
| #define HAVE_CLOCK_GETTIME 1
| /* end confdefs.h.  */
| #include <ac_nonexistent.h>
configure:6708: checking for grep that handles long lines and -e
configure:6766: result: /usr/bin/grep
configure:6771: checking for egrep
configure:6833: result: /usr/bin/grep -E
configure:6838: checking for ANSI C header files
configure:6858: gcc -c -g -O2  conftest.c >&5
configure:6858: $? = 0
configure:6931: gcc -o conftest -g -O2   conftest.c -lasound -lm -ldl -lpthread >&5
configure:6931: $? = 0
configure:6931: ./conftest
configure:6931: $? = 0
configure:6942: result: yes
configure:6965: checking for ncursesw5-config
configure:6981: found /usr/bin/ncursesw5-config
configure:6992: result: yes
configure:7186: checking for curses library
configure:7188: result: ncursesw
configure:7190: checking for curses header name
configure:7192: result: <ncurses.h>
configure:7194: checking for curses compiler flags
configure:7196: result: -D_DEFAULT_SOURCE -D_XOPEN_SOURCE=600
configure:7225: gcc -o conftest -g -O2 -D_DEFAULT_SOURCE -D_XOPEN_SOURCE=600   -L/usr/lib conftest.c -Wl,-O1,--sort-common,--as-needed,-z,relro,-z,now -lncursesw -lasound -lm -ldl -lpthread >&5
configure:7225: $? = 0
configure:7237: checking for curses NLS support
configure:7264: result: yes
configure:7278: checking for sys/types.h
configure:7278: gcc -c -g -O2 -D_DEFAULT_SOURCE -D_XOPEN_SOURCE=600  conftest.c >&5
configure:7278: $? = 0
configure:7278: result: yes
configure:7278: checking for sys/stat.h
configure:7278: gcc -c -g -O2 -D_DEFAULT_SOURCE -D_XOPEN_SOURCE=600  conftest.c >&5
configure:7278: $? = 0
configure:7278: result: yes
configure:7278: checking for stdlib.h
configure:7278: gcc -c -g -O2 -D_DEFAULT_SOURCE -D_XOPEN_SOURCE=600  conftest.c >&5
configure:7278: $? = 0
configure:7278: result: yes
configure:7278: checking for string.h
configure:7278: gcc -c -g -O2 -D_DEFAULT_SOURCE -D_XOPEN_SOURCE=600  conftest.c >&5
configure:7278: $? = 0
configure:7278: result: yes
configure:7278: checking for memory.h
configure:7278: gcc -c -g -O2 -D_DEFAULT_SOURCE -D_XOPEN_SOURCE=600  conftest.c >&5
configure:7278: $? = 0
configure:7278: result: yes
configure:7278: checking for strings.h
configure:7278: gcc -c -g -O2 -D_DEFAULT_SOURCE -D_XOPEN_SOURCE=600  conftest.c >&5
configure:7278: $? = 0
configure:7278: result: yes
configure:7278: checking for inttypes.h
configure:7278: gcc -c -g -O2 -D_DEFAULT_SOURCE -D_XOPEN_SOURCE=600  conftest.c >&5
configure:7278: $? = 0
configure:7278: result: yes
configure:7278: checking for stdint.h
configure:7278: gcc -c -g -O2 -D_DEFAULT_SOURCE -D_XOPEN_SOURCE=600  conftest.c >&5
configure:7278: $? = 0
configure:7278: result: yes
configure:7278: checking for unistd.h
configure:7278: gcc -c -g -O2 -D_DEFAULT_SOURCE -D_XOPEN_SOURCE=600  conftest.c >&5
configure:7278: $? = 0
configure:7278: result: yes
configure:7293: checking panel.h usability
configure:7293: gcc -c -g -O2 -D_DEFAULT_SOURCE -D_XOPEN_SOURCE=600  conftest.c >&5
configure:7293: $? = 0
configure:7293: result: yes
configure:7293: checking panel.h presence
configure:7293: gcc -E  conftest.c
configure:7293: $? = 0
configure:7293: result: yes
configure:7293: checking for panel.h
configure:7293: result: yes
configure:7293: checking menu.h usability
configure:7293: gcc -c -g -O2 -D_DEFAULT_SOURCE -D_XOPEN_SOURCE=600  conftest.c >&5
configure:7293: $? = 0
configure:7293: result: yes
configure:7293: checking menu.h presence
configure:7293: gcc -E  conftest.c
configure:7293: $? = 0
configure:7293: result: yes
configure:7293: checking for menu.h
configure:7293: result: yes
configure:7293: checking form.h usability
configure:7293: gcc -c -g -O2 -D_DEFAULT_SOURCE -D_XOPEN_SOURCE=600  conftest.c >&5
configure:7293: $? = 0
configure:7293: result: yes
configure:7293: checking form.h presence
configure:7293: gcc -E  conftest.c
configure:7293: $? = 0
configure:7293: result: yes
configure:7293: checking for form.h
configure:7293: result: yes
configure:7306: checking for new_panel in -lpanelw
configure:7331: gcc -o conftest -g -O2 -D_DEFAULT_SOURCE -D_XOPEN_SOURCE=600   -L/usr/lib conftest.c -lpanelw  -Wl,-O1,--sort-common,--as-needed,-z,relro,-z,now -lncursesw -lasound -lm -ldl -lpthread >&5
configure:7331: $? = 0
configure:7341: result: yes
configure:7350: checking for new_menu in -lmenuw
configure:7375: gcc -o conftest -g -O2 -D_DEFAULT_SOURCE -D_XOPEN_SOURCE=600   -L/usr/lib conftest.c -lmenuw  -Wl,-O1,--sort-common,--as-needed,-z,relro,-z,now -lncursesw -lasound -lm -ldl -lpthread >&5
configure:7375: $? = 0
configure:7385: result: yes
configure:7394: checking for new_form in -lformw
configure:7419: gcc -o conftest -g -O2 -D_DEFAULT_SOURCE -D_XOPEN_SOURCE=600   -L/usr/lib conftest.c -lformw  -Wl,-O1,--sort-common,--as-needed,-z,relro,-z,now -lncursesw -lasound -lm -ldl -lpthread >&5
configure:7419: $? = 0
configure:7429: result: yes
configure:7446: checking for curses linker flags
configure:7448: result: -L/usr/lib -lformw -lmenuw -lpanelw -Wl,-O1,--sort-common,--as-needed,-z,relro,-z,now -lncursesw
configure:7491: checking for an ANSI C-conforming const
configure:7557: gcc -c -g -O2  conftest.c >&5
configure:7557: $? = 0
configure:7564: result: yes
configure:7572: checking for inline
configure:7588: gcc -c -g -O2  conftest.c >&5
configure:7588: $? = 0
configure:7596: result: inline
configure:7614: checking whether time.h and sys/time.h may both be included
configure:7634: gcc -c -g -O2  conftest.c >&5
configure:7634: $? = 0
configure:7641: result: yes
configure:7651: checking whether gcc needs -traditional
configure:7685: result: no
configure:7700: checking for special C compiler options needed for large files
configure:7745: result: no
configure:7751: checking for _FILE_OFFSET_BITS value needed for large files
configure:7776: gcc -c -g -O2  conftest.c >&5
configure:7776: $? = 0
configure:7808: result: no
configure:7919: checking for aarch64-unknown-linux-gnu-pkg-config
configure:7952: result: no
configure:7962: checking for pkg-config
configure:7980: found /usr/bin/pkg-config
configure:7992: result: /usr/bin/pkg-config
configure:8017: checking pkg-config is at least version 0.9.0
configure:8020: result: yes
configure:8228: creating ./config.status

## ---------------- ##
## Cache variables. ##
## ---------------- ##

ac_cv_build=x86_64-pc-linux-gnu
ac_cv_c_compiler_gnu=yes
ac_cv_c_const=yes
ac_cv_c_inline=inline
ac_cv_env_CC_set=
ac_cv_env_CC_value=
ac_cv_env_CFLAGS_set=
ac_cv_env_CFLAGS_value=
ac_cv_env_CPPFLAGS_set=
ac_cv_env_CPPFLAGS_value=
ac_cv_env_CPP_set=
ac_cv_env_CPP_value=
ac_cv_env_LDFLAGS_set=
ac_cv_env_LDFLAGS_value=
ac_cv_env_LIBS_set=
ac_cv_env_LIBS_value=
ac_cv_env_PKG_CONFIG_set=
ac_cv_env_PKG_CONFIG_value=
ac_cv_env_build_alias_set=
ac_cv_env_build_alias_value=
ac_cv_env_host_alias_set=set
ac_cv_env_host_alias_value=aarch64-unknown-linux-gnu
ac_cv_env_target_alias_set=
ac_cv_env_target_alias_value=
ac_cv_header_alsa_mixer_h=yes
ac_cv_header_alsa_pcm_h=yes
ac_cv_header_alsa_rawmidi_h=yes
ac_cv_header_alsa_seq_h=yes
ac_cv_header_form_h=yes
ac_cv_header_inttypes_h=yes
ac_cv_header_memory_h=yes
ac_cv_header_menu_h=yes
ac_cv_header_panel_h=yes
ac_cv_header_samplerate_h=yes
ac_cv_header_stdc=yes
ac_cv_header_stdint_h=yes
ac_cv_header_stdlib_h=yes
ac_cv_header_string_h=yes
ac_cv_header_strings_h=yes
ac_cv_header_sys_stat_h=yes
ac_cv_header_sys_types_h=yes
ac_cv_header_time=yes
ac_cv_header_unistd_h=yes
ac_cv_host=aarch64-unknown-linux-gnu
ac_cv_lib_asound_snd_ctl_open=yes
ac_cv_lib_formw___new_form=yes
ac_cv_lib_menuw___new_menu=yes
ac_cv_lib_panelw___new_panel=yes
ac_cv_lib_rt_clock_gettime=yes
ac_cv_objext=o
ac_cv_path_EGREP='/usr/bin/grep -E'
ac_cv_path_GMSGFMT=/usr/bin/msgfmt
ac_cv_path_GREP=/usr/bin/grep
ac_cv_path_MSGFMT=/usr/bin/msgfmt
ac_cv_path_MSGMERGE=/usr/bin/msgmerge
ac_cv_path_XGETTEXT=/usr/bin/xgettext
ac_cv_path_ac_pt_PKG_CONFIG=/usr/bin/pkg-config
ac_cv_path_install='/usr/bin/install -c'
ac_cv_path_mkdir=/usr/bin/mkdir
ac_cv_prog_AWK=gawk
ac_cv_prog_CC=gcc
ac_cv_prog_CPP='gcc -E'
ac_cv_prog_ac_ct_CC=gcc
ac_cv_prog_ac_ct_STRIP=strip
ac_cv_prog_cc_c89=
ac_cv_prog_cc_g=yes
ac_cv_prog_gcc_traditional=no
ac_cv_prog_make_make_set=yes
ac_cv_prog_ncursesw5_config=yes
ac_cv_prog_xmlto=yes
ac_cv_sys_file_offset_bits=no
ac_cv_sys_largefile_CC=no
acl_cv_hardcode_direct=no
acl_cv_hardcode_libdir_flag_spec='${wl}-rpath ${wl}$libdir'
acl_cv_hardcode_libdir_separator=
acl_cv_hardcode_minus_L=no
acl_cv_libext=a
acl_cv_path_LD=/usr/bin/ld
acl_cv_prog_gnu_ld=yes
acl_cv_rpath=done
acl_cv_shlibext=so
acl_cv_wl=-Wl,
am_cv_CC_dependencies_compiler_type=gcc3
gt_cv_func_CFLocaleCopyCurrent=no
gt_cv_func_CFPreferencesCopyAppValue=no
gt_cv_func_gnugettext1_libc=yes

## ----------------- ##
## Output variables. ##
## ----------------- ##

ACLOCAL='${SHELL} /home/recolic/tmp/android_external_alsa-utils/missing --run aclocal-1.11'
ALSACONF_FALSE='#'
ALSACONF_TRUE=''
ALSALOOP_FALSE='#'
ALSALOOP_TRUE=''
ALSAMIXER_FALSE='#'
ALSAMIXER_TRUE=''
ALSA_CFLAGS=''
ALSA_LIBS=' -lasound -lm -ldl -lpthread'
AMDEPBACKSLASH='\'
AMDEP_FALSE='#'
AMDEP_TRUE=''
AMTAR='${SHELL} /home/recolic/tmp/android_external_alsa-utils/missing --run tar'
ASOUND_STATE_DIR='/var/lib/alsa'
AUTOCONF='${SHELL} /home/recolic/tmp/android_external_alsa-utils/missing --run autoconf'
AUTOHEADER='${SHELL} /home/recolic/tmp/android_external_alsa-utils/missing --run autoheader'
AUTOMAKE='${SHELL} /home/recolic/tmp/android_external_alsa-utils/missing --run automake-1.11'
AWK='gawk'
CC='gcc'
CCDEPMODE='depmode=gcc3'
CFLAGS='-g -O2'
CPP='gcc -E'
CPPFLAGS=''
CURSESINC='<ncurses.h>'
CURSESLIB='-L/usr/lib -lformw -lmenuw -lpanelw -Wl,-O1,--sort-common,--as-needed,-z,relro,-z,now -lncursesw'
CURSES_CFLAGS='-D_DEFAULT_SOURCE -D_XOPEN_SOURCE=600'
CYGPATH_W='echo'
DEFS='-DHAVE_CONFIG_H'
DEPDIR='.deps'
ECHO_C=''
ECHO_N='-n'
ECHO_T=''
EGREP='/usr/bin/grep -E'
EXEEXT=''
GMSGFMT='/usr/bin/msgfmt'
GMSGFMT_015='/usr/bin/msgfmt'
GREP='/usr/bin/grep'
HAVE_MIXER_FALSE='#'
HAVE_MIXER_TRUE=''
HAVE_PCM_FALSE='#'
HAVE_PCM_TRUE=''
HAVE_RAWMIDI_FALSE='#'
HAVE_RAWMIDI_TRUE=''
HAVE_SAMPLERATE_FALSE='#'
HAVE_SAMPLERATE_TRUE=''
HAVE_SEQ_FALSE='#'
HAVE_SEQ_TRUE=''
HAVE_SYSTEMD_FALSE='#'
HAVE_SYSTEMD_TRUE=''
INSTALL_DATA='${INSTALL} -m 644'
INSTALL_PROGRAM='${INSTALL}'
INSTALL_SCRIPT='${INSTALL}'
INSTALL_STRIP_PROGRAM='$(install_sh) -c -s'
INTLLIBS=''
INTL_MACOSX_LIBS=''
LDFLAGS=''
LIBICONV='-liconv'
LIBINTL=''
LIBOBJS=''
LIBRT='-lrt'
LIBS='-lasound -lm -ldl -lpthread'
LN_S='ln -s'
LTLIBICONV='-liconv'
LTLIBINTL=''
LTLIBOBJS=''
MAKEINFO='${SHELL} /home/recolic/tmp/android_external_alsa-utils/missing --run makeinfo'
MKDIR_P='/usr/bin/mkdir -p'
MSGFMT='/usr/bin/msgfmt'
MSGFMT_015='/usr/bin/msgfmt'
MSGMERGE='/usr/bin/msgmerge'
OBJEXT='o'
PACKAGE='alsa-utils'
PACKAGE_BUGREPORT=''
PACKAGE_NAME=''
PACKAGE_STRING=''
PACKAGE_TARNAME=''
PACKAGE_URL=''
PACKAGE_VERSION=''
PATH_SEPARATOR=':'
PKG_CONFIG='/usr/bin/pkg-config'
POSUB='po'
SET_MAKE=''
SHELL='/bin/sh'
SND_UTIL_MAJOR='1'
SND_UTIL_MINOR='0'
SND_UTIL_SUBMINOR='24'
SND_UTIL_VERSION='1.0.24.2'
STRIP='strip'
TESTSOUND='/usr/share/test.wav'
USE_NLS='yes'
USE_XMLTO_FALSE='#'
USE_XMLTO_TRUE=''
VERSION='1.0.24.2'
XGETTEXT='/usr/bin/xgettext'
XGETTEXT_015='/usr/bin/xgettext'
ac_ct_CC='gcc'
am__EXEEXT_FALSE=''
am__EXEEXT_TRUE='#'
am__fastdepCC_FALSE='#'
am__fastdepCC_TRUE=''
am__include='include'
am__isrc=''
am__leading_dot='.'
am__quote=''
am__tar='${AMTAR} chof - "$$tardir"'
am__untar='${AMTAR} xf -'
bindir='${exec_prefix}/bin'
build='x86_64-pc-linux-gnu'
build_alias=''
build_cpu='x86_64'
build_os='linux-gnu'
build_vendor='pc'
datadir='${datarootdir}'
datarootdir='${prefix}/share'
docdir='${datarootdir}/doc/${PACKAGE}'
dvidir='${docdir}'
exec_prefix='${prefix}'
host='aarch64-unknown-linux-gnu'
host_alias='aarch64-unknown-linux-gnu'
host_cpu='aarch64'
host_os='linux-gnu'
host_vendor='unknown'
htmldir='${docdir}'
includedir='${prefix}/include'
infodir='${datarootdir}/info'
install_sh='${SHELL} /home/recolic/tmp/android_external_alsa-utils/install-sh'
libdir='${exec_prefix}/lib'
libexecdir='${exec_prefix}/libexec'
localedir='${datarootdir}/locale'
localstatedir='${prefix}/var'
mandir='${datarootdir}/man'
mkdir_p='/usr/bin/mkdir -p'
ncurses5_config=''
ncursesw5_config='yes'
oldincludedir='/usr/include'
pdfdir='${docdir}'
prefix='/usr'
program_transform_name='s,x,x,'
psdir='${docdir}'
sbindir='${exec_prefix}/sbin'
sharedstatedir='${prefix}/com'
sysconfdir='${prefix}/etc'
systemdsystemunitdir='/usr/lib/systemd/system'
target_alias=''
udevrulesdir='/lib/udev/rules.d'
xmlto='yes'

## ----------- ##
## confdefs.h. ##
## ----------- ##

/* confdefs.h */
#define PACKAGE_NAME ""
#define PACKAGE_TARNAME ""
#define PACKAGE_VERSION ""
#define PACKAGE_STRING ""
#define PACKAGE_BUGREPORT ""
#define PACKAGE_URL ""
#define PACKAGE "alsa-utils"
#define VERSION "1.0.24.2"
#define ENABLE_NLS 1
#define HAVE_GETTEXT 1
#define HAVE_DCGETTEXT 1
#define HAVE_LIBASOUND 1
#define HAVE_ALSA_PCM_H 1
#define HAVE_ALSA_MIXER_H 1
#define HAVE_ALSA_RAWMIDI_H 1
#define HAVE_ALSA_SEQ_H 1
#define HAVE_SAMPLERATE_H 1
#define HAVE_LIBRT 1
#define HAVE_CLOCK_GETTIME 1
#define STDC_HEADERS 1
#define HAVE_CURSES_ESCDELAY 1
#define ENABLE_NLS_IN_CURSES 1
#define HAVE_SYS_TYPES_H 1
#define HAVE_SYS_STAT_H 1
#define HAVE_STDLIB_H 1
#define HAVE_STRING_H 1
#define HAVE_MEMORY_H 1
#define HAVE_STRINGS_H 1
#define HAVE_INTTYPES_H 1
#define HAVE_STDINT_H 1
#define HAVE_UNISTD_H 1
#define HAVE_PANEL_H 1
#define HAVE_MENU_H 1
#define HAVE_FORM_H 1
#define SOUNDSDIR "/usr/share/sounds/alsa"
#define DATADIR "/usr/share/alsa"
#define TIME_WITH_SYS_TIME 1
#define VERSION "1.0.24.2"

configure: exit 0

## ---------------------- ##
## Running config.status. ##
## ---------------------- ##

This file was extended by config.status, which was
generated by GNU Autoconf 2.69.  Invocation command line was

  CONFIG_FILES    = 
  CONFIG_HEADERS  = 
  CONFIG_LINKS    = 
  CONFIG_COMMANDS = 
  $ ./config.status 

on RECOLICPC

config.status:957: creating Makefile
config.status:957: creating alsactl/Makefile
config.status:957: creating alsactl/init/Makefile
config.status:957: creating alsamixer/Makefile
config.status:957: creating amidi/Makefile
config.status:957: creating amixer/Makefile
config.status:957: creating m4/Makefile
config.status:957: creating po/Makefile.in
config.status:957: creating alsaconf/alsaconf
config.status:957: creating alsaconf/Makefile
config.status:957: creating alsaconf/po/Makefile
config.status:1065: WARNING:  'alsaconf/po/Makefile.in' seems to ignore the --datarootdir setting
config.status:957: creating alsaucm/Makefile
config.status:957: creating aplay/Makefile
config.status:957: creating include/Makefile
config.status:957: creating iecset/Makefile
config.status:957: creating utils/Makefile
config.status:957: creating utils/alsa-utils.spec
config.status:957: creating seq/Makefile
config.status:957: creating seq/aconnect/Makefile
config.status:957: creating seq/aplaymidi/Makefile
config.status:957: creating seq/aseqdump/Makefile
config.status:957: creating seq/aseqnet/Makefile
config.status:957: creating speaker-test/Makefile
config.status:957: creating speaker-test/samples/Makefile
config.status:957: creating alsaloop/Makefile
config.status:957: creating include/aconfig.h
config.status:1138: include/aconfig.h is unchanged
config.status:1186: executing po-directories commands
config.status:1186: executing depfiles commands

## ---------------------- ##
## Running config.status. ##
## ---------------------- ##

This file was extended by config.status, which was
generated by GNU Autoconf 2.69.  Invocation command line was

  CONFIG_FILES    = 
  CONFIG_HEADERS  = 
  CONFIG_LINKS    = 
  CONFIG_COMMANDS = 
  $ ./config.status include/aconfig.h

on RECOLICPC

config.status:957: creating include/aconfig.h
